<?xml version="1.0" encoding="UTF-8"?>
<!-- Generated by org.testng.reporters.JUnitXMLReporter -->
<testsuite ignored="0" hostname="LTIN674248" failures="0" tests="2" name="EdgeTest" time="26.531" errors="0" timestamp="2026-02-09T17:12:48 IST">
  <testcase classname="testScripts.HamburgerFuncValidation" name="performActionsOnHamburgerClose" time="10.7"/>
  <testcase classname="testScripts.HamburgerFuncValidation" name="hamburgerFuncValidationTestOpen" time="0.28"/>
</testsuite> <!-- EdgeTest -->
