<?xml version="1.0" encoding="UTF-8"?>
<!-- Generated by org.testng.reporters.JUnitXMLReporter -->
<testsuite ignored="0" hostname="LTIN674248" failures="0" tests="2" name="Test" time="0.068" errors="0" timestamp="2026-02-09T14:21:01 IST">
  <testcase classname="testScripts.HamburgerFuncValidation" name="@BeforeMethod browserSetup" time="0.009">
    <failure type="java.lang.NullPointerException" message="Cannot invoke &amp;quot;projectConfig.BrowserConfig.setBrowser(String)&amp;quot; because &amp;quot;this.getBrowser&amp;quot; is null">
      <![CDATA[java.lang.NullPointerException: Cannot invoke "projectConfig.BrowserConfig.setBrowser(String)" because "this.getBrowser" is null
at testScripts.HamburgerFuncValidation.browserSetup(HamburgerFuncValidation.java:33)
at java.base/java.util.ArrayList.forEach(ArrayList.java:1596)
... Removed 29 stack frames]]>
    </failure>
  </testcase> <!-- @BeforeMethod browserSetup -->
  <testcase classname="testScripts.HamburgerFuncValidation" name="@BeforeMethod browserSetup" time="0.0">
    <skipped/>
  </testcase> <!-- @BeforeMethod browserSetup -->
  <testcase classname="testScripts.HamburgerFuncValidation" name="@AfterClass afterClass" time="0.0">
    <skipped/>
  </testcase> <!-- @AfterClass afterClass -->
  <testcase classname="testScripts.HamburgerFuncValidation" name="performActionsOnHamburgerClose" time="0.0">
    <skipped/>
  </testcase> <!-- performActionsOnHamburgerClose -->
  <testcase classname="testScripts.HamburgerFuncValidation" name="hamburgerFuncValidationTestOpen" time="0.0">
    <skipped/>
  </testcase> <!-- hamburgerFuncValidationTestOpen -->
</testsuite> <!-- Test -->
