<?xml version="1.0" encoding="UTF-8"?>
<!-- Generated by org.testng.reporters.JUnitXMLReporter -->
<testsuite ignored="0" hostname="LTIN674248" failures="0" tests="2" name="US17_P1_05_ChromeTest" time="44.337" errors="0" timestamp="2026-02-10T15:35:49 IST">
  <testcase classname="testScripts.HamburgerFuncValidation" name="performActionsOnHamburgerClose" time="10.263"/>
  <testcase classname="testScripts.HamburgerFuncValidation" name="hamburgerFuncValidationTestOpen" time="0.474"/>
</testsuite> <!-- US17_P1_05_ChromeTest -->
