<?xml version="1.0" encoding="UTF-8"?>
<!-- Generated by org.testng.reporters.JUnitXMLReporter -->
<testsuite ignored="0" hostname="LTIN674248" failures="1" tests="1" name="US17_P1_12_CustomerDataTableColumnSpellingValidation_Edge(failed)(failed)" time="9.022" errors="0" timestamp="2026-02-17T13:51:27 IST">
  <testcase classname="testScripts.CustomerInfoTableColumnSpellingValidation" name="performValidationOnColumnSpellings" time="1.961">
    <failure type="java.lang.AssertionError" message="null">
      <![CDATA[java.lang.AssertionError: null
at testScripts.CustomerInfoTableColumnSpellingValidation.performValidationOnColumnSpellings(CustomerInfoTableColumnSpellingValidation.java:49)
at java.base/java.util.ArrayList.forEach(ArrayList.java:1596)
at java.base/java.util.concurrent.FutureTask.run(FutureTask.java:317)
at java.base/java.util.concurrent.ThreadPoolExecutor.runWorker(ThreadPoolExecutor.java:1144)
at java.base/java.util.concurrent.ThreadPoolExecutor$Worker.run(ThreadPoolExecutor.java:642)
at java.base/java.lang.Thread.run(Thread.java:1583)
... Removed 17 stack frames]]>
    </failure>
  </testcase> <!-- performValidationOnColumnSpellings -->
</testsuite> <!-- US17_P1_12_CustomerDataTableColumnSpellingValidation_Edge(failed)(failed) -->
