<?xml version="1.0" encoding="UTF-8"?>
<!-- Generated by org.testng.reporters.JUnitXMLReporter -->
<testsuite ignored="0" hostname="LTIN674417" failures="0" tests="2" name="US17_P1_05_ChromeTest" time="77.561" errors="0" timestamp="2026-02-15T11:21:29 IST">
  <testcase classname="testScripts.HamburgerFuncValidation" name="performActionsOnHamburgerClose" time="10.272"/>
  <testcase classname="testScripts.HamburgerFuncValidation" name="hamburgerFuncValidationTestOpen" time="0.992"/>
</testsuite> <!-- US17_P1_05_ChromeTest -->
