<?xml version="1.0" encoding="UTF-8"?>
<!-- Generated by org.testng.reporters.JUnitXMLReporter -->
<testsuite ignored="0" hostname="LTIN674248" failures="1" tests="1" name="US17_P1_08_CustomerDataTableColumnSpelings_Edge" time="7.284" errors="0" timestamp="2026-02-16T09:19:21 IST">
  <testcase classname="testScripts.CustomerInfoTableColumnSpellingValidation" name="performValidationOnColumnSpellings" time="1.845">
    <failure type="org.openqa.selenium.JavascriptException" message="javascript error: Cannot read properties of undefined (reading &amp;apos;scrollBy&amp;apos;)
  (Session info: MicrosoftEdge=144.0.3719.115)
Build info: version: &amp;apos;4.40.0&amp;apos;, revision: &amp;apos;b3333f1&amp;apos;
System info: os.name: &amp;apos;Windows 11&amp;apos;, os.arch: &amp;apos;amd64&amp;apos;, os.version: &amp;apos;10.0&amp;apos;, java.version: &amp;apos;21&amp;apos;
Driver info: org.openqa.selenium.edge.EdgeDriver
Command: [6051b993862a4136bda32105d8fa2971, executeScript {script=arguments[0].window.scrollBy(0,2000);, args=[{element-6066-11e4-a52e-4f735466cecf=f.C07F1FB683B2204C454300E626FDE056.d.490192183E3677B763A097C56EB6FBDA.e.62}]}]
Capabilities {acceptInsecureCerts: false, browserName: MicrosoftEdge, browserVersion: 144.0.3719.115, fedcm:accounts: true, goog:processID: 1308, ms:edgeOptions: {debuggerAddress: localhost:51699}, msedge: {msedgedriverVersion: 144.0.3719.130 (897347d4ca3..., userDataDir: C:\Users\2461183\AppData\Lo...}, networkConnectionEnabled: false, pageLoadStrategy: normal, platformName: windows, proxy: Proxy(), se:cdp: ws://localhost:51699/devtoo..., se:cdpVersion: 144.0.3719.115, setWindowRect: true, strictFileInteractability: false, timeouts: {implicit: 0, pageLoad: 300000, script: 30000}, unhandledPromptBehavior: dismiss and notify, webauthn:extension:credBlob: true, webauthn:extension:largeBlob: true, webauthn:extension:minPinLength: true, webauthn:extension:prf: true, webauthn:virtualAuthenticators: true}
Session ID: 6051b993862a4136bda32105d8fa2971">
      <![CDATA[org.openqa.selenium.JavascriptException: javascript error: Cannot read properties of undefined (reading 'scrollBy')
  (Session info: MicrosoftEdge=144.0.3719.115)
Build info: version: '4.40.0', revision: 'b3333f1'
System info: os.name: 'Windows 11', os.arch: 'amd64', os.version: '10.0', java.version: '21'
Driver info: org.openqa.selenium.edge.EdgeDriver
Command: [6051b993862a4136bda32105d8fa2971, executeScript {script=arguments[0].window.scrollBy(0,2000);, args=[{element-6066-11e4-a52e-4f735466cecf=f.C07F1FB683B2204C454300E626FDE056.d.490192183E3677B763A097C56EB6FBDA.e.62}]}]
Capabilities {acceptInsecureCerts: false, browserName: MicrosoftEdge, browserVersion: 144.0.3719.115, fedcm:accounts: true, goog:processID: 1308, ms:edgeOptions: {debuggerAddress: localhost:51699}, msedge: {msedgedriverVersion: 144.0.3719.130 (897347d4ca3..., userDataDir: C:\Users\2461183\AppData\Lo...}, networkConnectionEnabled: false, pageLoadStrategy: normal, platformName: windows, proxy: Proxy(), se:cdp: ws://localhost:51699/devtoo..., se:cdpVersion: 144.0.3719.115, setWindowRect: true, strictFileInteractability: false, timeouts: {implicit: 0, pageLoad: 300000, script: 30000}, unhandledPromptBehavior: dismiss and notify, webauthn:extension:credBlob: true, webauthn:extension:largeBlob: true, webauthn:extension:minPinLength: true, webauthn:extension:prf: true, webauthn:virtualAuthenticators: true}
Session ID: 6051b993862a4136bda32105d8fa2971
at org.openqa.selenium.remote.ErrorCodec.decode(ErrorCodec.java:169)
at org.openqa.selenium.remote.codec.w3c.W3CHttpResponseCodec.decode(W3CHttpResponseCodec.java:142)
at org.openqa.selenium.remote.codec.w3c.W3CHttpResponseCodec.decode(W3CHttpResponseCodec.java:49)
at org.openqa.selenium.remote.HttpCommandExecutor.execute(HttpCommandExecutor.java:223)
at org.openqa.selenium.remote.service.DriverCommandExecutor.invokeExecute(DriverCommandExecutor.java:216)
at org.openqa.selenium.remote.service.DriverCommandExecutor.execute(DriverCommandExecutor.java:174)
at org.openqa.selenium.remote.RemoteWebDriver.execute(RemoteWebDriver.java:601)
at org.openqa.selenium.remote.RemoteWebDriver.executeScript(RemoteWebDriver.java:532)
at projectConfig.CustomScreenshots.captureElementScreenshot(CustomScreenshots.java:20)
at insurEdgeCustomerAuthorizePage.AuthorizePage.actionsOnCustomerInfoTableColumnSpelling(AuthorizePage.java:114)
at testScripts.CustomerInfoTableColumnSpellingValidation.performValidationOnColumnSpellings(CustomerInfoTableColumnSpellingValidation.java:46)
at java.base/java.util.ArrayList.forEach(ArrayList.java:1596)
at java.base/java.util.concurrent.FutureTask.run(FutureTask.java:317)
at java.base/java.util.concurrent.ThreadPoolExecutor.runWorker(ThreadPoolExecutor.java:1144)
at java.base/java.util.concurrent.ThreadPoolExecutor$Worker.run(ThreadPoolExecutor.java:642)
at java.base/java.lang.Thread.run(Thread.java:1583)
... Removed 15 stack frames]]>
    </failure>
  </testcase> <!-- performValidationOnColumnSpellings -->
</testsuite> <!-- US17_P1_08_CustomerDataTableColumnSpelings_Edge -->
