<?xml version="1.0" encoding="UTF-8"?>
<!-- Generated by org.testng.reporters.JUnitXMLReporter -->
<testsuite ignored="0" hostname="LTIN674248" failures="0" tests="2" name="US17_P1_08_AuthorizeCustomerTitle_Edge" time="31.789" errors="0" timestamp="2026-02-17T23:22:47 IST">
  <testcase classname="testScripts.CustomerAuthorizeTitleUIValidation" name="customerAuthorizetitleValidation" time="1.342"/>
  <testcase classname="testScripts.CustomerAuthorizeTitleUIValidation" name="validationOfBreadCrumbs" time="0.114"/>
</testsuite> <!-- US17_P1_08_AuthorizeCustomerTitle_Edge -->
