<?xml version="1.0" encoding="UTF-8"?>
<!-- Generated by org.testng.reporters.JUnitXMLReporter -->
<testsuite ignored="0" hostname="LTIN674248" failures="0" tests="2" name="US17_P1_24_ScrollToTop_Chrome" time="94.705" errors="0" timestamp="2026-02-17T23:24:22 IST">
  <testcase classname="testScripts.ScrollToTopFuncValidation" name="validationOfScrollToTopButton" time="35.17"/>
  <testcase classname="testScripts.BackToTopsScrollBtnHidden" name="validationOfInvisibilityOfBackToTop" time="38.069"/>
</testsuite> <!-- US17_P1_24_ScrollToTop_Chrome -->
