<?xml version="1.0" encoding="UTF-8"?>
<testng-results ignored="0" total="8" passed="8" failed="0" skipped="0">
  <reporter-output>
  </reporter-output>
  <suite started-at="2026-02-13T17:18:49 IST" name="Sprint-1_Sharib" finished-at="2026-02-13T17:19:40 IST" duration-ms="50731">
    <groups>
    </groups>
    <test started-at="2026-02-13T17:18:49 IST" name="US17_P1_07_Credits_Chrome" finished-at="2026-02-13T17:19:16 IST" duration-ms="27334">
      <class name="testScripts.FooterSectionCreditsValidation">
        <test-method is-config="true" signature="setUpBrowser()[pri:0, instance:testScripts.FooterSectionCreditsValidation@7880cdf3]" started-at="2026-02-13T17:18:49 IST" name="setUpBrowser" finished-at="2026-02-13T17:18:49 IST" duration-ms="14" status="PASS">
          <reporter-output>
          </reporter-output>
        </test-method> <!-- setUpBrowser -->
        <test-method is-config="true" signature="performLogin(java.lang.String)[pri:0, instance:testScripts.FooterSectionCreditsValidation@7880cdf3]" started-at="2026-02-13T17:18:49 IST" name="performLogin" finished-at="2026-02-13T17:19:09 IST" duration-ms="20077" status="PASS">
          <params>
            <param index="0">
              <value>
                <![CDATA[chrome]]>
              </value>
            </param>
          </params>
          <reporter-output>
          </reporter-output>
        </test-method> <!-- performLogin -->
        <test-method signature="performValidationOnFooterSectionCredits()[pri:1, instance:testScripts.FooterSectionCreditsValidation@7880cdf3]" started-at="2026-02-13T17:19:09 IST" name="performValidationOnFooterSectionCredits" finished-at="2026-02-13T17:19:09 IST" duration-ms="347" status="PASS">
          <reporter-output>
          </reporter-output>
        </test-method> <!-- performValidationOnFooterSectionCredits -->
        <test-method is-config="true" signature="closeResources()[pri:0, instance:testScripts.FooterSectionCreditsValidation@7880cdf3]" started-at="2026-02-13T17:19:09 IST" name="closeResources" finished-at="2026-02-13T17:19:16 IST" duration-ms="6856" status="PASS">
          <reporter-output>
          </reporter-output>
        </test-method> <!-- closeResources -->
      </class> <!-- testScripts.FooterSectionCreditsValidation -->
    </test> <!-- US17_P1_07_Credits_Chrome -->
    <test started-at="2026-02-13T17:18:49 IST" name="US17_P1_07_HyperLink_Chrome" finished-at="2026-02-13T17:19:25 IST" duration-ms="36100">
      <class name="testScripts.FooterSectionHyperLinkValidation">
        <test-method is-config="true" signature="browserSetup()[pri:0, instance:testScripts.FooterSectionHyperLinkValidation@1d119efb]" started-at="2026-02-13T17:18:49 IST" name="browserSetup" finished-at="2026-02-13T17:18:49 IST" duration-ms="14" status="PASS">
          <reporter-output>
          </reporter-output>
        </test-method> <!-- browserSetup -->
        <test-method is-config="true" signature="setUpBrowserType(java.lang.String)[pri:0, instance:testScripts.FooterSectionHyperLinkValidation@1d119efb]" started-at="2026-02-13T17:18:49 IST" name="setUpBrowserType" finished-at="2026-02-13T17:19:06 IST" duration-ms="16893" status="PASS">
          <params>
            <param index="0">
              <value>
                <![CDATA[chrome]]>
              </value>
            </param>
          </params>
          <reporter-output>
          </reporter-output>
        </test-method> <!-- setUpBrowserType -->
        <test-method signature="performValidationOfHyperLink()[pri:0, instance:testScripts.FooterSectionHyperLinkValidation@1d119efb]" started-at="2026-02-13T17:19:06 IST" name="performValidationOfHyperLink" finished-at="2026-02-13T17:19:11 IST" duration-ms="5258" status="PASS">
          <reporter-output>
          </reporter-output>
        </test-method> <!-- performValidationOfHyperLink -->
        <test-method is-config="true" signature="closeBrowser()[pri:0, instance:testScripts.FooterSectionHyperLinkValidation@1d119efb]" started-at="2026-02-13T17:19:11 IST" name="closeBrowser" finished-at="2026-02-13T17:19:25 IST" duration-ms="13892" status="PASS">
          <reporter-output>
          </reporter-output>
        </test-method> <!-- closeBrowser -->
      </class> <!-- testScripts.FooterSectionHyperLinkValidation -->
    </test> <!-- US17_P1_07_HyperLink_Chrome -->
    <test started-at="2026-02-13T17:18:49 IST" name="US17_P1_07_Credits_Edge" finished-at="2026-02-13T17:19:25 IST" duration-ms="36232">
      <class name="testScripts.FooterSectionCreditsValidation">
        <test-method is-config="true" signature="setUpBrowser()[pri:0, instance:testScripts.FooterSectionCreditsValidation@6ef888f6]" started-at="2026-02-13T17:18:49 IST" name="setUpBrowser" finished-at="2026-02-13T17:18:49 IST" duration-ms="14" status="PASS">
          <reporter-output>
          </reporter-output>
        </test-method> <!-- setUpBrowser -->
        <test-method is-config="true" signature="performLogin(java.lang.String)[pri:0, instance:testScripts.FooterSectionCreditsValidation@6ef888f6]" started-at="2026-02-13T17:18:49 IST" name="performLogin" finished-at="2026-02-13T17:19:06 IST" duration-ms="17230" status="PASS">
          <params>
            <param index="0">
              <value>
                <![CDATA[edge]]>
              </value>
            </param>
          </params>
          <reporter-output>
          </reporter-output>
        </test-method> <!-- performLogin -->
        <test-method signature="performValidationOnFooterSectionCredits()[pri:1, instance:testScripts.FooterSectionCreditsValidation@6ef888f6]" started-at="2026-02-13T17:19:06 IST" name="performValidationOnFooterSectionCredits" finished-at="2026-02-13T17:19:07 IST" duration-ms="455" status="PASS">
          <reporter-output>
          </reporter-output>
        </test-method> <!-- performValidationOnFooterSectionCredits -->
        <test-method is-config="true" signature="closeResources()[pri:0, instance:testScripts.FooterSectionCreditsValidation@6ef888f6]" started-at="2026-02-13T17:19:07 IST" name="closeResources" finished-at="2026-02-13T17:19:25 IST" duration-ms="18467" status="PASS">
          <reporter-output>
          </reporter-output>
        </test-method> <!-- closeResources -->
      </class> <!-- testScripts.FooterSectionCreditsValidation -->
    </test> <!-- US17_P1_07_Credits_Edge -->
    <test started-at="2026-02-13T17:19:16 IST" name="US17_P1_07_HyperLink_Edge" finished-at="2026-02-13T17:19:30 IST" duration-ms="13581">
      <class name="testScripts.FooterSectionHyperLinkValidation">
        <test-method is-config="true" signature="browserSetup()[pri:0, instance:testScripts.FooterSectionHyperLinkValidation@2473d930]" started-at="2026-02-13T17:19:16 IST" name="browserSetup" finished-at="2026-02-13T17:19:16 IST" duration-ms="2" status="PASS">
          <reporter-output>
          </reporter-output>
        </test-method> <!-- browserSetup -->
        <test-method is-config="true" signature="setUpBrowserType(java.lang.String)[pri:0, instance:testScripts.FooterSectionHyperLinkValidation@2473d930]" started-at="2026-02-13T17:19:16 IST" name="setUpBrowserType" finished-at="2026-02-13T17:19:23 IST" duration-ms="6347" status="PASS">
          <params>
            <param index="0">
              <value>
                <![CDATA[edge]]>
              </value>
            </param>
          </params>
          <reporter-output>
          </reporter-output>
        </test-method> <!-- setUpBrowserType -->
        <test-method signature="performValidationOfHyperLink()[pri:0, instance:testScripts.FooterSectionHyperLinkValidation@2473d930]" started-at="2026-02-13T17:19:23 IST" name="performValidationOfHyperLink" finished-at="2026-02-13T17:19:25 IST" duration-ms="1937" status="PASS">
          <reporter-output>
          </reporter-output>
        </test-method> <!-- performValidationOfHyperLink -->
        <test-method is-config="true" signature="closeBrowser()[pri:0, instance:testScripts.FooterSectionHyperLinkValidation@2473d930]" started-at="2026-02-13T17:19:25 IST" name="closeBrowser" finished-at="2026-02-13T17:19:30 IST" duration-ms="5291" status="PASS">
          <reporter-output>
          </reporter-output>
        </test-method> <!-- closeBrowser -->
      </class> <!-- testScripts.FooterSectionHyperLinkValidation -->
    </test> <!-- US17_P1_07_HyperLink_Edge -->
    <test started-at="2026-02-13T17:18:49 IST" name="US17_P1_05_ChromeTest" finished-at="2026-02-13T17:19:39 IST" duration-ms="50593">
      <class name="testScripts.HamburgerFuncValidation">
        <test-method is-config="true" signature="beforeClass()[pri:0, instance:testScripts.HamburgerFuncValidation@4df50bcc]" started-at="2026-02-13T17:18:49 IST" name="beforeClass" finished-at="2026-02-13T17:18:49 IST" duration-ms="14" status="PASS">
          <reporter-output>
          </reporter-output>
        </test-method> <!-- beforeClass -->
        <test-method is-config="true" signature="beforeMethod(java.lang.String)[pri:0, instance:testScripts.HamburgerFuncValidation@4df50bcc]" started-at="2026-02-13T17:18:49 IST" name="beforeMethod" finished-at="2026-02-13T17:19:09 IST" duration-ms="19656" status="PASS">
          <params>
            <param index="0">
              <value>
                <![CDATA[chrome]]>
              </value>
            </param>
          </params>
          <reporter-output>
          </reporter-output>
        </test-method> <!-- beforeMethod -->
        <test-method signature="performActionsOnHamburgerClose()[pri:1, instance:testScripts.HamburgerFuncValidation@4df50bcc]" started-at="2026-02-13T17:19:09 IST" name="performActionsOnHamburgerClose" finished-at="2026-02-13T17:19:20 IST" duration-ms="11405" status="PASS">
          <reporter-output>
          </reporter-output>
        </test-method> <!-- performActionsOnHamburgerClose -->
        <test-method is-config="true" signature="AfterMethod()[pri:0, instance:testScripts.HamburgerFuncValidation@4df50bcc]" started-at="2026-02-13T17:19:20 IST" name="AfterMethod" finished-at="2026-02-13T17:19:30 IST" duration-ms="10349" status="PASS">
          <reporter-output>
          </reporter-output>
        </test-method> <!-- AfterMethod -->
        <test-method is-config="true" signature="beforeMethod(java.lang.String)[pri:0, instance:testScripts.HamburgerFuncValidation@4df50bcc]" started-at="2026-02-13T17:19:30 IST" name="beforeMethod" finished-at="2026-02-13T17:19:35 IST" duration-ms="4663" status="PASS">
          <params>
            <param index="0">
              <value>
                <![CDATA[chrome]]>
              </value>
            </param>
          </params>
          <reporter-output>
          </reporter-output>
        </test-method> <!-- beforeMethod -->
        <test-method signature="hamburgerFuncValidationTestOpen()[pri:2, instance:testScripts.HamburgerFuncValidation@4df50bcc]" started-at="2026-02-13T17:19:35 IST" name="hamburgerFuncValidationTestOpen" finished-at="2026-02-13T17:19:36 IST" duration-ms="859" status="PASS">
          <reporter-output>
          </reporter-output>
        </test-method> <!-- hamburgerFuncValidationTestOpen -->
        <test-method is-config="true" signature="AfterMethod()[pri:0, instance:testScripts.HamburgerFuncValidation@4df50bcc]" started-at="2026-02-13T17:19:36 IST" name="AfterMethod" finished-at="2026-02-13T17:19:39 IST" duration-ms="3597" status="PASS">
          <reporter-output>
          </reporter-output>
        </test-method> <!-- AfterMethod -->
      </class> <!-- testScripts.HamburgerFuncValidation -->
    </test> <!-- US17_P1_05_ChromeTest -->
    <test started-at="2026-02-13T17:18:49 IST" name="US17_P1_05_EdgeTest" finished-at="2026-02-13T17:19:40 IST" duration-ms="50731">
      <class name="testScripts.HamburgerFuncValidation">
        <test-method is-config="true" signature="beforeClass()[pri:0, instance:testScripts.HamburgerFuncValidation@3c22fc4c]" started-at="2026-02-13T17:18:49 IST" name="beforeClass" finished-at="2026-02-13T17:18:49 IST" duration-ms="14" status="PASS">
          <reporter-output>
          </reporter-output>
        </test-method> <!-- beforeClass -->
        <test-method is-config="true" signature="beforeMethod(java.lang.String)[pri:0, instance:testScripts.HamburgerFuncValidation@3c22fc4c]" started-at="2026-02-13T17:18:49 IST" name="beforeMethod" finished-at="2026-02-13T17:19:06 IST" duration-ms="17495" status="PASS">
          <params>
            <param index="0">
              <value>
                <![CDATA[edge]]>
              </value>
            </param>
          </params>
          <reporter-output>
          </reporter-output>
        </test-method> <!-- beforeMethod -->
        <test-method signature="performActionsOnHamburgerClose()[pri:1, instance:testScripts.HamburgerFuncValidation@3c22fc4c]" started-at="2026-02-13T17:19:06 IST" name="performActionsOnHamburgerClose" finished-at="2026-02-13T17:19:18 IST" duration-ms="11279" status="PASS">
          <reporter-output>
          </reporter-output>
        </test-method> <!-- performActionsOnHamburgerClose -->
        <test-method is-config="true" signature="AfterMethod()[pri:0, instance:testScripts.HamburgerFuncValidation@3c22fc4c]" started-at="2026-02-13T17:19:18 IST" name="AfterMethod" finished-at="2026-02-13T17:19:31 IST" duration-ms="12996" status="PASS">
          <reporter-output>
          </reporter-output>
        </test-method> <!-- AfterMethod -->
        <test-method is-config="true" signature="beforeMethod(java.lang.String)[pri:0, instance:testScripts.HamburgerFuncValidation@3c22fc4c]" started-at="2026-02-13T17:19:31 IST" name="beforeMethod" finished-at="2026-02-13T17:19:35 IST" duration-ms="4366" status="PASS">
          <params>
            <param index="0">
              <value>
                <![CDATA[edge]]>
              </value>
            </param>
          </params>
          <reporter-output>
          </reporter-output>
        </test-method> <!-- beforeMethod -->
        <test-method signature="hamburgerFuncValidationTestOpen()[pri:2, instance:testScripts.HamburgerFuncValidation@3c22fc4c]" started-at="2026-02-13T17:19:35 IST" name="hamburgerFuncValidationTestOpen" finished-at="2026-02-13T17:19:36 IST" duration-ms="693" status="PASS">
          <reporter-output>
          </reporter-output>
        </test-method> <!-- hamburgerFuncValidationTestOpen -->
        <test-method is-config="true" signature="AfterMethod()[pri:0, instance:testScripts.HamburgerFuncValidation@3c22fc4c]" started-at="2026-02-13T17:19:36 IST" name="AfterMethod" finished-at="2026-02-13T17:19:40 IST" duration-ms="3851" status="PASS">
          <reporter-output>
          </reporter-output>
        </test-method> <!-- AfterMethod -->
      </class> <!-- testScripts.HamburgerFuncValidation -->
    </test> <!-- US17_P1_05_EdgeTest -->
  </suite> <!-- Sprint-1_Sharib -->
</testng-results>
