<?xml version="1.0" encoding="UTF-8"?>
<testng-results ignored="0" total="10" passed="10" failed="0" skipped="0">
  <reporter-output>
  </reporter-output>
  <suite started-at="2026-02-15T11:20:12 IST" name="Sprint-1_Sharib" finished-at="2026-02-15T11:21:42 IST" duration-ms="90766">
    <groups>
    </groups>
    <test started-at="2026-02-15T11:20:12 IST" name="US17_P1_07_Credits_Chrome" finished-at="2026-02-15T11:21:06 IST" duration-ms="54445">
      <class name="testScripts.FooterSectionCreditsValidation">
        <test-method is-config="true" signature="setUpBrowser()[pri:0, instance:testScripts.FooterSectionCreditsValidation@bcec361]" started-at="2026-02-15T11:20:12 IST" name="setUpBrowser" finished-at="2026-02-15T11:20:12 IST" duration-ms="26" status="PASS">
          <reporter-output>
          </reporter-output>
        </test-method> <!-- setUpBrowser -->
        <test-method is-config="true" signature="performLogin(java.lang.String)[pri:0, instance:testScripts.FooterSectionCreditsValidation@bcec361]" started-at="2026-02-15T11:20:12 IST" name="performLogin" finished-at="2026-02-15T11:21:01 IST" duration-ms="49323" status="PASS">
          <params>
            <param index="0">
              <value>
                <![CDATA[chrome]]>
              </value>
            </param>
          </params>
          <reporter-output>
          </reporter-output>
        </test-method> <!-- performLogin -->
        <test-method signature="performValidationOnFooterSectionCredits()[pri:1, instance:testScripts.FooterSectionCreditsValidation@bcec361]" started-at="2026-02-15T11:21:01 IST" name="performValidationOnFooterSectionCredits" finished-at="2026-02-15T11:21:01 IST" duration-ms="57" status="PASS">
          <reporter-output>
          </reporter-output>
        </test-method> <!-- performValidationOnFooterSectionCredits -->
        <test-method is-config="true" signature="closeResources()[pri:0, instance:testScripts.FooterSectionCreditsValidation@bcec361]" started-at="2026-02-15T11:21:01 IST" name="closeResources" finished-at="2026-02-15T11:21:06 IST" duration-ms="4954" status="PASS">
          <reporter-output>
          </reporter-output>
        </test-method> <!-- closeResources -->
      </class> <!-- testScripts.FooterSectionCreditsValidation -->
    </test> <!-- US17_P1_07_Credits_Chrome -->
    <test started-at="2026-02-15T11:20:12 IST" name="US17_P1_07_Credits_Edge" finished-at="2026-02-15T11:21:15 IST" duration-ms="62951">
      <class name="testScripts.FooterSectionCreditsValidation">
        <test-method is-config="true" signature="setUpBrowser()[pri:0, instance:testScripts.FooterSectionCreditsValidation@40005471]" started-at="2026-02-15T11:20:12 IST" name="setUpBrowser" finished-at="2026-02-15T11:20:12 IST" duration-ms="24" status="PASS">
          <reporter-output>
          </reporter-output>
        </test-method> <!-- setUpBrowser -->
        <test-method is-config="true" signature="performLogin(java.lang.String)[pri:0, instance:testScripts.FooterSectionCreditsValidation@40005471]" started-at="2026-02-15T11:20:12 IST" name="performLogin" finished-at="2026-02-15T11:21:10 IST" duration-ms="58073" status="PASS">
          <params>
            <param index="0">
              <value>
                <![CDATA[edge]]>
              </value>
            </param>
          </params>
          <reporter-output>
          </reporter-output>
        </test-method> <!-- performLogin -->
        <test-method signature="performValidationOnFooterSectionCredits()[pri:1, instance:testScripts.FooterSectionCreditsValidation@40005471]" started-at="2026-02-15T11:21:10 IST" name="performValidationOnFooterSectionCredits" finished-at="2026-02-15T11:21:10 IST" duration-ms="74" status="PASS">
          <reporter-output>
          </reporter-output>
        </test-method> <!-- performValidationOnFooterSectionCredits -->
        <test-method is-config="true" signature="closeResources()[pri:0, instance:testScripts.FooterSectionCreditsValidation@40005471]" started-at="2026-02-15T11:21:10 IST" name="closeResources" finished-at="2026-02-15T11:21:15 IST" duration-ms="4699" status="PASS">
          <reporter-output>
          </reporter-output>
        </test-method> <!-- closeResources -->
      </class> <!-- testScripts.FooterSectionCreditsValidation -->
    </test> <!-- US17_P1_07_Credits_Edge -->
    <test started-at="2026-02-15T11:20:12 IST" name="US17_P1_07_HyperLink_Chrome" finished-at="2026-02-15T11:21:29 IST" duration-ms="77464">
      <class name="testScripts.FooterSectionHyperLinkValidation">
        <test-method is-config="true" signature="browserSetup()[pri:0, instance:testScripts.FooterSectionHyperLinkValidation@7a8c8dcf]" started-at="2026-02-15T11:20:12 IST" name="browserSetup" finished-at="2026-02-15T11:20:12 IST" duration-ms="26" status="PASS">
          <reporter-output>
          </reporter-output>
        </test-method> <!-- browserSetup -->
        <test-method is-config="true" signature="setUpBrowserType(java.lang.String)[pri:0, instance:testScripts.FooterSectionHyperLinkValidation@7a8c8dcf]" started-at="2026-02-15T11:20:12 IST" name="setUpBrowserType" finished-at="2026-02-15T11:21:02 IST" duration-ms="50403" status="PASS">
          <params>
            <param index="0">
              <value>
                <![CDATA[chrome]]>
              </value>
            </param>
          </params>
          <reporter-output>
          </reporter-output>
        </test-method> <!-- setUpBrowserType -->
        <test-method signature="performValidationOfHyperLink()[pri:0, instance:testScripts.FooterSectionHyperLinkValidation@7a8c8dcf]" started-at="2026-02-15T11:21:02 IST" name="performValidationOfHyperLink" finished-at="2026-02-15T11:21:24 IST" duration-ms="21616" status="PASS">
          <reporter-output>
          </reporter-output>
        </test-method> <!-- performValidationOfHyperLink -->
        <test-method is-config="true" signature="closeBrowser()[pri:0, instance:testScripts.FooterSectionHyperLinkValidation@7a8c8dcf]" started-at="2026-02-15T11:21:24 IST" name="closeBrowser" finished-at="2026-02-15T11:21:29 IST" duration-ms="5344" status="PASS">
          <reporter-output>
          </reporter-output>
        </test-method> <!-- closeBrowser -->
      </class> <!-- testScripts.FooterSectionHyperLinkValidation -->
    </test> <!-- US17_P1_07_HyperLink_Chrome -->
    <test started-at="2026-02-15T11:20:12 IST" name="US17_P1_05_ChromeTest" finished-at="2026-02-15T11:21:29 IST" duration-ms="77561">
      <class name="testScripts.HamburgerFuncValidation">
        <test-method is-config="true" signature="beforeClass()[pri:0, instance:testScripts.HamburgerFuncValidation@51399530]" started-at="2026-02-15T11:20:12 IST" name="beforeClass" finished-at="2026-02-15T11:20:12 IST" duration-ms="26" status="PASS">
          <reporter-output>
          </reporter-output>
        </test-method> <!-- beforeClass -->
        <test-method is-config="true" signature="beforeMethod(java.lang.String)[pri:0, instance:testScripts.HamburgerFuncValidation@51399530]" started-at="2026-02-15T11:20:12 IST" name="beforeMethod" finished-at="2026-02-15T11:21:01 IST" duration-ms="49322" status="PASS">
          <params>
            <param index="0">
              <value>
                <![CDATA[chrome]]>
              </value>
            </param>
          </params>
          <reporter-output>
          </reporter-output>
        </test-method> <!-- beforeMethod -->
        <test-method signature="performActionsOnHamburgerClose()[pri:1, instance:testScripts.HamburgerFuncValidation@51399530]" started-at="2026-02-15T11:21:01 IST" name="performActionsOnHamburgerClose" finished-at="2026-02-15T11:21:11 IST" duration-ms="10272" status="PASS">
          <reporter-output>
          </reporter-output>
        </test-method> <!-- performActionsOnHamburgerClose -->
        <test-method is-config="true" signature="AfterMethod()[pri:0, instance:testScripts.HamburgerFuncValidation@51399530]" started-at="2026-02-15T11:21:11 IST" name="AfterMethod" finished-at="2026-02-15T11:21:15 IST" duration-ms="3734" status="PASS">
          <reporter-output>
          </reporter-output>
        </test-method> <!-- AfterMethod -->
        <test-method is-config="true" signature="beforeMethod(java.lang.String)[pri:0, instance:testScripts.HamburgerFuncValidation@51399530]" started-at="2026-02-15T11:21:15 IST" name="beforeMethod" finished-at="2026-02-15T11:21:24 IST" duration-ms="9273" status="PASS">
          <params>
            <param index="0">
              <value>
                <![CDATA[chrome]]>
              </value>
            </param>
          </params>
          <reporter-output>
          </reporter-output>
        </test-method> <!-- beforeMethod -->
        <test-method signature="hamburgerFuncValidationTestOpen()[pri:2, instance:testScripts.HamburgerFuncValidation@51399530]" started-at="2026-02-15T11:21:24 IST" name="hamburgerFuncValidationTestOpen" finished-at="2026-02-15T11:21:25 IST" duration-ms="992" status="PASS">
          <reporter-output>
          </reporter-output>
        </test-method> <!-- hamburgerFuncValidationTestOpen -->
        <test-method is-config="true" signature="AfterMethod()[pri:0, instance:testScripts.HamburgerFuncValidation@51399530]" started-at="2026-02-15T11:21:25 IST" name="AfterMethod" finished-at="2026-02-15T11:21:29 IST" duration-ms="3858" status="PASS">
          <reporter-output>
          </reporter-output>
        </test-method> <!-- AfterMethod -->
      </class> <!-- testScripts.HamburgerFuncValidation -->
    </test> <!-- US17_P1_05_ChromeTest -->
    <test started-at="2026-02-15T11:21:15 IST" name="US17_P1_08_AuthorizeCustomerTitle_Chrome" finished-at="2026-02-15T11:21:29 IST" duration-ms="14630">
      <class name="testScripts.CustomerAuthorizeTitleUIValidation">
        <test-method is-config="true" signature="browserSetup()[pri:0, instance:testScripts.CustomerAuthorizeTitleUIValidation@1ff4931d]" started-at="2026-02-15T11:21:15 IST" name="browserSetup" finished-at="2026-02-15T11:21:15 IST" duration-ms="5" status="PASS">
          <reporter-output>
          </reporter-output>
        </test-method> <!-- browserSetup -->
        <test-method is-config="true" signature="browserType(java.lang.String)[pri:0, instance:testScripts.CustomerAuthorizeTitleUIValidation@1ff4931d]" started-at="2026-02-15T11:21:15 IST" name="browserType" finished-at="2026-02-15T11:21:22 IST" duration-ms="7347" status="PASS">
          <params>
            <param index="0">
              <value>
                <![CDATA[chrome]]>
              </value>
            </param>
          </params>
          <reporter-output>
          </reporter-output>
        </test-method> <!-- browserType -->
        <test-method signature="customerAuthorizetitleValidation()[pri:0, instance:testScripts.CustomerAuthorizeTitleUIValidation@1ff4931d]" started-at="2026-02-15T11:21:22 IST" name="customerAuthorizetitleValidation" finished-at="2026-02-15T11:21:29 IST" duration-ms="7262" status="PASS">
          <reporter-output>
          </reporter-output>
        </test-method> <!-- customerAuthorizetitleValidation -->
        <test-method is-config="true" signature="afterClass()[pri:0, instance:testScripts.CustomerAuthorizeTitleUIValidation@1ff4931d]" started-at="2026-02-15T11:21:29 IST" name="afterClass" finished-at="2026-02-15T11:21:29 IST" duration-ms="1" status="PASS">
          <reporter-output>
          </reporter-output>
        </test-method> <!-- afterClass -->
      </class> <!-- testScripts.CustomerAuthorizeTitleUIValidation -->
    </test> <!-- US17_P1_08_AuthorizeCustomerTitle_Chrome -->
    <test started-at="2026-02-15T11:21:06 IST" name="US17_P1_07_HyperLink_Edge" finished-at="2026-02-15T11:21:29 IST" duration-ms="23167">
      <class name="testScripts.FooterSectionHyperLinkValidation">
        <test-method is-config="true" signature="browserSetup()[pri:0, instance:testScripts.FooterSectionHyperLinkValidation@3a52dba3]" started-at="2026-02-15T11:21:06 IST" name="browserSetup" finished-at="2026-02-15T11:21:06 IST" duration-ms="1" status="PASS">
          <reporter-output>
          </reporter-output>
        </test-method> <!-- browserSetup -->
        <test-method is-config="true" signature="setUpBrowserType(java.lang.String)[pri:0, instance:testScripts.FooterSectionHyperLinkValidation@3a52dba3]" started-at="2026-02-15T11:21:06 IST" name="setUpBrowserType" finished-at="2026-02-15T11:21:24 IST" duration-ms="17903" status="PASS">
          <params>
            <param index="0">
              <value>
                <![CDATA[edge]]>
              </value>
            </param>
          </params>
          <reporter-output>
          </reporter-output>
        </test-method> <!-- setUpBrowserType -->
        <test-method signature="performValidationOfHyperLink()[pri:0, instance:testScripts.FooterSectionHyperLinkValidation@3a52dba3]" started-at="2026-02-15T11:21:24 IST" name="performValidationOfHyperLink" finished-at="2026-02-15T11:21:26 IST" duration-ms="1807" status="PASS">
          <reporter-output>
          </reporter-output>
        </test-method> <!-- performValidationOfHyperLink -->
        <test-method is-config="true" signature="closeBrowser()[pri:0, instance:testScripts.FooterSectionHyperLinkValidation@3a52dba3]" started-at="2026-02-15T11:21:26 IST" name="closeBrowser" finished-at="2026-02-15T11:21:29 IST" duration-ms="3449" status="PASS">
          <reporter-output>
          </reporter-output>
        </test-method> <!-- closeBrowser -->
      </class> <!-- testScripts.FooterSectionHyperLinkValidation -->
    </test> <!-- US17_P1_07_HyperLink_Edge -->
    <test started-at="2026-02-15T11:20:12 IST" name="US17_P1_05_EdgeTest" finished-at="2026-02-15T11:21:38 IST" duration-ms="86820">
      <class name="testScripts.HamburgerFuncValidation">
        <test-method is-config="true" signature="beforeClass()[pri:0, instance:testScripts.HamburgerFuncValidation@15de0b3c]" started-at="2026-02-15T11:20:12 IST" name="beforeClass" finished-at="2026-02-15T11:20:12 IST" duration-ms="26" status="PASS">
          <reporter-output>
          </reporter-output>
        </test-method> <!-- beforeClass -->
        <test-method is-config="true" signature="beforeMethod(java.lang.String)[pri:0, instance:testScripts.HamburgerFuncValidation@15de0b3c]" started-at="2026-02-15T11:20:12 IST" name="beforeMethod" finished-at="2026-02-15T11:21:10 IST" duration-ms="58106" status="PASS">
          <params>
            <param index="0">
              <value>
                <![CDATA[edge]]>
              </value>
            </param>
          </params>
          <reporter-output>
          </reporter-output>
        </test-method> <!-- beforeMethod -->
        <test-method signature="performActionsOnHamburgerClose()[pri:1, instance:testScripts.HamburgerFuncValidation@15de0b3c]" started-at="2026-02-15T11:21:10 IST" name="performActionsOnHamburgerClose" finished-at="2026-02-15T11:21:21 IST" duration-ms="10782" status="PASS">
          <reporter-output>
          </reporter-output>
        </test-method> <!-- performActionsOnHamburgerClose -->
        <test-method is-config="true" signature="AfterMethod()[pri:0, instance:testScripts.HamburgerFuncValidation@15de0b3c]" started-at="2026-02-15T11:21:21 IST" name="AfterMethod" finished-at="2026-02-15T11:21:25 IST" duration-ms="4533" status="PASS">
          <reporter-output>
          </reporter-output>
        </test-method> <!-- AfterMethod -->
        <test-method is-config="true" signature="beforeMethod(java.lang.String)[pri:0, instance:testScripts.HamburgerFuncValidation@15de0b3c]" started-at="2026-02-15T11:21:25 IST" name="beforeMethod" finished-at="2026-02-15T11:21:31 IST" duration-ms="5648" status="PASS">
          <params>
            <param index="0">
              <value>
                <![CDATA[edge]]>
              </value>
            </param>
          </params>
          <reporter-output>
          </reporter-output>
        </test-method> <!-- beforeMethod -->
        <test-method signature="hamburgerFuncValidationTestOpen()[pri:2, instance:testScripts.HamburgerFuncValidation@15de0b3c]" started-at="2026-02-15T11:21:31 IST" name="hamburgerFuncValidationTestOpen" finished-at="2026-02-15T11:21:34 IST" duration-ms="3055" status="PASS">
          <reporter-output>
          </reporter-output>
        </test-method> <!-- hamburgerFuncValidationTestOpen -->
        <test-method is-config="true" signature="AfterMethod()[pri:0, instance:testScripts.HamburgerFuncValidation@15de0b3c]" started-at="2026-02-15T11:21:34 IST" name="AfterMethod" finished-at="2026-02-15T11:21:38 IST" duration-ms="4584" status="PASS">
          <reporter-output>
          </reporter-output>
        </test-method> <!-- AfterMethod -->
      </class> <!-- testScripts.HamburgerFuncValidation -->
    </test> <!-- US17_P1_05_EdgeTest -->
    <test started-at="2026-02-15T11:21:29 IST" name="US17_P1_08_AuthorizeCustomerTitle_Edge" finished-at="2026-02-15T11:21:42 IST" duration-ms="13292">
      <class name="testScripts.CustomerAuthorizeTitleUIValidation">
        <test-method is-config="true" signature="browserSetup()[pri:0, instance:testScripts.CustomerAuthorizeTitleUIValidation@510f3d34]" started-at="2026-02-15T11:21:29 IST" name="browserSetup" finished-at="2026-02-15T11:21:29 IST" duration-ms="0" status="PASS">
          <reporter-output>
          </reporter-output>
        </test-method> <!-- browserSetup -->
        <test-method is-config="true" signature="browserType(java.lang.String)[pri:0, instance:testScripts.CustomerAuthorizeTitleUIValidation@510f3d34]" started-at="2026-02-15T11:21:29 IST" name="browserType" finished-at="2026-02-15T11:21:37 IST" duration-ms="7433" status="PASS">
          <params>
            <param index="0">
              <value>
                <![CDATA[edge]]>
              </value>
            </param>
          </params>
          <reporter-output>
          </reporter-output>
        </test-method> <!-- browserType -->
        <test-method signature="customerAuthorizetitleValidation()[pri:0, instance:testScripts.CustomerAuthorizeTitleUIValidation@510f3d34]" started-at="2026-02-15T11:21:37 IST" name="customerAuthorizetitleValidation" finished-at="2026-02-15T11:21:42 IST" duration-ms="5852" status="PASS">
          <reporter-output>
          </reporter-output>
        </test-method> <!-- customerAuthorizetitleValidation -->
        <test-method is-config="true" signature="afterClass()[pri:0, instance:testScripts.CustomerAuthorizeTitleUIValidation@510f3d34]" started-at="2026-02-15T11:21:42 IST" name="afterClass" finished-at="2026-02-15T11:21:42 IST" duration-ms="1" status="PASS">
          <reporter-output>
          </reporter-output>
        </test-method> <!-- afterClass -->
      </class> <!-- testScripts.CustomerAuthorizeTitleUIValidation -->
    </test> <!-- US17_P1_08_AuthorizeCustomerTitle_Edge -->
  </suite> <!-- Sprint-1_Sharib -->
</testng-results>
