<?xml version="1.0" encoding="UTF-8"?>
<!-- Generated by org.testng.reporters.JUnitReportReporter -->
<testsuite hostname="LTIN674417" failures="0" tests="2" name="testScripts.CustomerAuthorizeTitleUIValidation" time="27.894" errors="0" timestamp="2026-02-15T11:21:43 IST" skipped="0">
  <testcase classname="testScripts.CustomerAuthorizeTitleUIValidation" name="customerAuthorizetitleValidation" time="14.609"/>
  <testcase classname="testScripts.CustomerAuthorizeTitleUIValidation" name="customerAuthorizetitleValidation" time="13.285"/>
</testsuite> <!-- testScripts.CustomerAuthorizeTitleUIValidation -->
