<?xml version="1.0" encoding="UTF-8"?>
<!-- Generated by org.testng.reporters.JUnitReportReporter -->
<testsuite hostname="LTIN674248" failures="0" tests="2" name="testScripts.FooterSectionCreditsValidation" time="48.652" errors="0" timestamp="2026-02-15T10:37:58 IST" skipped="0">
  <testcase classname="testScripts.FooterSectionCreditsValidation" name="performValidationOnFooterSectionCredits" time="29.493"/>
  <testcase classname="testScripts.FooterSectionCreditsValidation" name="performValidationOnFooterSectionCredits" time="19.159"/>
</testsuite> <!-- testScripts.FooterSectionCreditsValidation -->
