<?xml version="1.0" encoding="UTF-8"?>
<!-- Generated by org.testng.reporters.JUnitReportReporter -->
<testsuite hostname="LTIN674248" failures="0" tests="2" name="testScripts.FooterSectionHyperLinkValidation" time="21.950" errors="0" timestamp="2026-02-15T10:37:58 IST" skipped="0">
  <testcase classname="testScripts.FooterSectionHyperLinkValidation" name="performValidationOfHyperLink" time="15.773"/>
  <testcase classname="testScripts.FooterSectionHyperLinkValidation" name="performValidationOfHyperLink" time="6.177"/>
</testsuite> <!-- testScripts.FooterSectionHyperLinkValidation -->
