<?xml version="1.0" encoding="UTF-8"?>
<!-- Generated by org.testng.reporters.JUnitReportReporter -->
<testsuite hostname="LTIN674248" failures="0" tests="4" name="testScripts.HamburgerFuncValidation" time="110.597" errors="0" timestamp="2026-02-17T23:24:22 IST" skipped="0">
  <testcase classname="testScripts.HamburgerFuncValidation" name="performActionsOnHamburgerClose" time="27.165"/>
  <testcase classname="testScripts.HamburgerFuncValidation" name="performActionsOnHamburgerClose" time="25.392"/>
  <testcase classname="testScripts.HamburgerFuncValidation" name="hamburgerFuncValidationTestOpen" time="29.683"/>
  <testcase classname="testScripts.HamburgerFuncValidation" name="hamburgerFuncValidationTestOpen" time="28.357"/>
</testsuite> <!-- testScripts.HamburgerFuncValidation -->
