<?xml version="1.0" encoding="UTF-8"?>
<!-- Generated by org.testng.reporters.JUnitReportReporter -->
<testsuite hostname="LTIN674248" failures="0" tests="2" name="testScripts.CustomerInfoTableAppearance" time="15.644" errors="0" timestamp="2026-02-17T23:24:22 IST" skipped="0">
  <testcase classname="testScripts.CustomerInfoTableAppearance" name="performUIValidationOnCustomerTable" time="8.985"/>
  <testcase classname="testScripts.CustomerInfoTableAppearance" name="performUIValidationOnCustomerTable" time="6.659"/>
</testsuite> <!-- testScripts.CustomerInfoTableAppearance -->
