<?xml version="1.0" encoding="UTF-8"?>
<!-- Generated by org.testng.reporters.JUnitReportReporter -->
<testsuite hostname="LTIN674248" failures="0" tests="4" name="testScripts.CustomerAuthorizeTitleUIValidation" time="63.490" errors="0" timestamp="2026-02-17T23:24:22 IST" skipped="0">
  <testcase classname="testScripts.CustomerAuthorizeTitleUIValidation" name="customerAuthorizetitleValidation" time="15.686"/>
  <testcase classname="testScripts.CustomerAuthorizeTitleUIValidation" name="customerAuthorizetitleValidation" time="17.430"/>
  <testcase classname="testScripts.CustomerAuthorizeTitleUIValidation" name="validationOfBreadCrumbs" time="16.098"/>
  <testcase classname="testScripts.CustomerAuthorizeTitleUIValidation" name="validationOfBreadCrumbs" time="14.276"/>
</testsuite> <!-- testScripts.CustomerAuthorizeTitleUIValidation -->
