<?xml version="1.0" encoding="UTF-8"?>
<!-- Generated by org.testng.reporters.JUnitReportReporter -->
<testsuite hostname="LTIN674248" failures="0" tests="2" name="testScripts.FooterSectionCreditsValidation" time="63.432" errors="0" timestamp="2026-02-13T17:19:40 IST" skipped="0">
  <testcase classname="testScripts.FooterSectionCreditsValidation" name="performValidationOnFooterSectionCredits" time="27.280"/>
  <testcase classname="testScripts.FooterSectionCreditsValidation" name="performValidationOnFooterSectionCredits" time="36.152"/>
</testsuite> <!-- testScripts.FooterSectionCreditsValidation -->
