<?xml version="1.0" encoding="UTF-8"?>
<!-- Generated by org.testng.reporters.JUnitReportReporter -->
<testsuite hostname="LTIN674248" failures="0" tests="2" name="testScripts.FooterSectionHyperLinkValidation" time="30.435" errors="0" timestamp="2026-02-13T17:19:40 IST" skipped="0">
  <testcase classname="testScripts.FooterSectionHyperLinkValidation" name="performValidationOfHyperLink" time="22.151"/>
  <testcase classname="testScripts.FooterSectionHyperLinkValidation" name="performValidationOfHyperLink" time="8.284"/>
</testsuite> <!-- testScripts.FooterSectionHyperLinkValidation -->
